ERROR 2026-02-20 14:05:45,823 log 21252 2776 Internal Server Error: /favicon.ico
Traceback (most recent call last):
  File "C:\Users\Princess Magbie\Desktop\ek-sms\.venv\Lib\site-packages\django\core\handlers\exception.py", line 55, in inner
    response = get_response(request)
  File "C:\Users\Princess Magbie\Desktop\ek-sms\.venv\Lib\site-packages\django\utils\deprecation.py", line 311, in __call__
    response = self.process_response(request, response)
  File "C:\Users\Princess Magbie\Desktop\ek-sms\eksms\eksms\middleware.py", line 68, in process_response
    f'from {request.remote_addr}'
            ^^^^^^^^^^^^^^^^^^^
AttributeError: 'WSGIRequest' object has no attribute 'remote_addr'
ERROR 2026-02-20 14:05:45,830 log 21252 2776 "GET /favicon.ico HTTP/1.1" 500 70149
ERROR 2026-02-20 14:05:50,160 log 21252 2776 Internal Server Error: /admin
Traceback (most recent call last):
  File "C:\Users\Princess Magbie\Desktop\ek-sms\.venv\Lib\site-packages\django\core\handlers\exception.py", line 55, in inner
    response = get_response(request)
  File "C:\Users\Princess Magbie\Desktop\ek-sms\.venv\Lib\site-packages\django\utils\deprecation.py", line 311, in __call__
    response = self.process_response(request, response)
  File "C:\Users\Princess Magbie\Desktop\ek-sms\eksms\eksms\middleware.py", line 68, in process_response
    f'from {request.remote_addr}'
            ^^^^^^^^^^^^^^^^^^^
AttributeError: 'WSGIRequest' object has no attribute 'remote_addr'
ERROR 2026-02-20 14:05:50,174 log 21252 2776 "GET /admin HTTP/1.1" 500 70136
ERROR 2026-02-20 14:05:51,056 log 21252 2776 Internal Server Error: /favicon.ico
Traceback (most recent call last):
  File "C:\Users\Princess Magbie\Desktop\ek-sms\.venv\Lib\site-packages\django\core\handlers\exception.py", line 55, in inner
    response = get_response(request)
  File "C:\Users\Princess Magbie\Desktop\ek-sms\.venv\Lib\site-packages\django\utils\deprecation.py", line 311, in __call__
    response = self.process_response(request, response)
  File "C:\Users\Princess Magbie\Desktop\ek-sms\eksms\eksms\middleware.py", line 68, in process_response
    f'from {request.remote_addr}'
            ^^^^^^^^^^^^^^^^^^^
AttributeError: 'WSGIRequest' object has no attribute 'remote_addr'
ERROR 2026-02-20 14:05:51,301 log 21252 2776 "GET /favicon.ico HTTP/1.1" 500 70005
ERROR 2026-02-20 14:09:24,112 log 21252 8328 Internal Server Error: /admin
Traceback (most recent call last):
  File "C:\Users\Princess Magbie\Desktop\ek-sms\.venv\Lib\site-packages\django\core\handlers\exception.py", line 55, in inner
    response = get_response(request)
  File "C:\Users\Princess Magbie\Desktop\ek-sms\.venv\Lib\site-packages\django\utils\deprecation.py", line 311, in __call__
    response = self.process_response(request, response)
  File "C:\Users\Princess Magbie\Desktop\ek-sms\eksms\eksms\middleware.py", line 68, in process_response
    f'from {request.remote_addr}'
            ^^^^^^^^^^^^^^^^^^^
AttributeError: 'WSGIRequest' object has no attribute 'remote_addr'
ERROR 2026-02-20 14:09:24,120 log 21252 8328 "GET /admin HTTP/1.1" 500 70273
ERROR 2026-02-20 14:09:24,879 log 21252 8328 Internal Server Error: /favicon.ico
Traceback (most recent call last):
  File "C:\Users\Princess Magbie\Desktop\ek-sms\.venv\Lib\site-packages\django\core\handlers\exception.py", line 55, in inner
    response = get_response(request)
  File "C:\Users\Princess Magbie\Desktop\ek-sms\.venv\Lib\site-packages\django\utils\deprecation.py", line 311, in __call__
    response = self.process_response(request, response)
  File "C:\Users\Princess Magbie\Desktop\ek-sms\eksms\eksms\middleware.py", line 68, in process_response
    f'from {request.remote_addr}'
            ^^^^^^^^^^^^^^^^^^^
AttributeError: 'WSGIRequest' object has no attribute 'remote_addr'
ERROR 2026-02-20 14:09:24,883 log 21252 8328 "GET /favicon.ico HTTP/1.1" 500 70005
WARNING 2026-02-20 14:10:18,498 middleware 14648 8864 Response 404: GET /admin from 127.0.0.1
WARNING 2026-02-20 14:10:18,516 middleware 14648 8864 Sensitive endpoint accessed: GET /admin/ by 127.0.0.1 (AnonymousUser)
WARNING 2026-02-20 14:10:18,557 middleware 14648 8864 Sensitive endpoint accessed: GET /admin/login/ by 127.0.0.1 (AnonymousUser)
WARNING 2026-02-20 14:10:19,640 middleware 14648 8864 Response 404: GET /favicon.ico from 127.0.0.1
WARNING 2026-02-20 14:10:19,640 log 14648 8864 Not Found: /favicon.ico
WARNING 2026-02-20 14:10:19,641 log 14648 8864 "GET /favicon.ico HTTP/1.1" 404 2207
WARNING 2026-02-20 14:11:10,441 middleware 14648 8864 Sensitive endpoint accessed: GET /admin/ by 127.0.0.1 (AnonymousUser)
WARNING 2026-02-20 14:11:10,471 middleware 14648 8864 Sensitive endpoint accessed: GET /admin/login/ by 127.0.0.1 (AnonymousUser)
WARNING 2026-02-20 14:11:13,211 middleware 14648 8864 Sensitive endpoint accessed: POST /admin/login/ by 127.0.0.1 (AnonymousUser)
WARNING 2026-02-20 14:11:17,433 middleware 14648 8864 Sensitive endpoint accessed: GET /admin/ by 127.0.0.1 (ek_sms0000)
WARNING 2026-02-20 14:11:42,883 middleware 17452 10640 Sensitive endpoint accessed: GET /admin/ by 127.0.0.1 (ek_sms0000)
WARNING 2026-02-20 14:12:02,052 middleware 17452 10640 Sensitive endpoint accessed: POST /admin/logout/ by 127.0.0.1 (ek_sms0000)
WARNING 2026-02-20 14:12:06,025 middleware 17452 10640 Sensitive endpoint accessed: GET /admin/ by 127.0.0.1 (AnonymousUser)
WARNING 2026-02-20 14:12:06,047 middleware 17452 10640 Sensitive endpoint accessed: GET /admin/login/ by 127.0.0.1 (AnonymousUser)
